<?xml version="1.0" encoding="UTF-8"?>
<!-- Generated by org.testng.reporters.JUnitXMLReporter -->
<testsuite hostname="AniketS-PC" ignored="0" name="Surefire test" tests="3" failures="1" timestamp="07 May 2019 16:33:30 GMT" time="38.015" errors="0">
  <testcase name="logincheck" time="0.0" classname="com.test.Loginpagetest">
    <failure type="org.testng.TestNGException" message="
Parameter &amp;apos;username&amp;apos; is required by @Test on method logincheck but has not been marked @Optional or defined
">
      <![CDATA[org.testng.TestNGException: 
Parameter 'username' is required by @Test on method logincheck but has not been marked @Optional or defined

... Removed 29 stack frames]]>
    </failure>
  </testcase> <!-- logincheck -->
  <testcase name="titlecheck" time="0.01" classname="com.test.Loginpagetest"/>
  <testcase name="helplink" time="0.054" classname="com.test.Loginpagetest"/>
</testsuite> <!-- Surefire test -->
