-------------------------------------------------------------------------------
Test set: com.test.Loginpagetest
-------------------------------------------------------------------------------
Tests run: 3, Failures: 1, Errors: 0, Skipped: 0, Time elapsed: 38.689 s <<< FAILURE! - in com.test.Loginpagetest
logincheck(com.test.Loginpagetest)  Time elapsed: 0.644 s  <<< FAILURE!
org.testng.TestNGException: 

Parameter 'username' is required by @Test on method logincheck but has not been marked @Optional or defined


